<?xml version="1.0" encoding="UTF-8"?>
<testng-results ignored="0" total="1" passed="1" failed="0" skipped="0">
  <reporter-output>
  </reporter-output>
  <suite started-at="2023-05-08T15:33:56 IST" name="Default suite" finished-at="2023-05-08T15:33:59 IST" duration-ms="3469">
    <groups>
    </groups>
    <test started-at="2023-05-08T15:33:56 IST" name="Default test" finished-at="2023-05-08T15:33:59 IST" duration-ms="3469">
      <class name="practice.LoginVtiger">
        <test-method signature="Login()[pri:0, instance:practice.LoginVtiger@3d6f0054]" started-at="2023-05-08T15:33:56 IST" name="Login" finished-at="2023-05-08T15:33:59 IST" duration-ms="3417" status="PASS">
          <reporter-output>
          </reporter-output>
        </test-method> <!-- Login -->
      </class> <!-- practice.LoginVtiger -->
    </test> <!-- Default test -->
  </suite> <!-- Default suite -->
</testng-results>
